[18/Aug/2022:10:50:28] (I): WordPress Instance Info:
[18/Aug/2022:10:50:28] (I): Home URL : http://localhost/myPersonalBlog/wordpress
[18/Aug/2022:10:50:28] (I): Site URL : http://localhost/myPersonalBlog/wordpress
[18/Aug/2022:10:50:28] (I): WordPress Version : 6.0.1
[18/Aug/2022:10:50:28] (I): Onboarding Version : 1.1.25
[18/Aug/2022:10:50:28] (I): Multisite : No
[18/Aug/2022:10:50:28] (I): Server Info : Apache/2.4.52 (Win64) OpenSSL/1.1.1m PHP/8.1.4
[18/Aug/2022:10:50:28] (I): PHP Version : 8.1.4
[18/Aug/2022:10:50:28] (I): HTTPS : No
[18/Aug/2022:10:50:28] (I): PHP Max Execution Time : 3000
[18/Aug/2022:10:50:28] (I): PHP Max Input Vars : 1000
[18/Aug/2022:10:50:28] (I): Max Upload Size : 4194304000
[18/Aug/2022:10:50:28] (I): Plugins:
[18/Aug/2022:10:50:28] (I): [PLUGIN] aThemes Starter Sites : v1.0.22 (aThemes)
[18/Aug/2022:10:50:28] (I): [PLUGIN] Elementor : v3.7.1 (Elementor.com)
[18/Aug/2022:10:50:28] (I): [PLUGIN] Sydney Toolbox : v1.22 (aThemes)
[18/Aug/2022:10:50:28] (I): [PLUGIN] Templates Patterns Collection : v1.1.25 (ThemeIsle)
[18/Aug/2022:10:50:28] (I): [PLUGIN] Tutor LMS Elementor Addons : v2.0.4 (Themeum)
[18/Aug/2022:10:50:28] (I): [PLUGIN] Tutor LMS : v2.0.8 (Themeum)
[18/Aug/2022:10:50:28] (I): [PLUGIN] WPForms Lite : v1.7.5.5 (WPForms)
[18/Aug/2022:10:50:28] (P): Saving remote XML
[18/Aug/2022:10:50:28] (S): Saved remote XML at path C:\xampp\htdocs\myPersonalBlog\wordpress/wp-content/uploads/themeisle-demo-import.xml.
[18/Aug/2022:10:50:28] (P): Starting content import...
[18/Aug/2022:10:50:28] (S): Import started.
[18/Aug/2022:10:50:28] (S): Parsing XML file.
[18/Aug/2022:10:50:28] (P): Starting parsing file:C:\xampp\htdocs\myPersonalBlog\wordpress/wp-content/uploads/themeisle-demo-import.xml
[18/Aug/2022:10:50:28] (P): Using WXR_Parser_SimpleXML...
[18/Aug/2022:10:50:28] (S): Parsed XML
[18/Aug/2022:10:50:28] (P): Processing categories...
[18/Aug/2022:10:50:28] (S): Processed categories.
[18/Aug/2022:10:50:28] (P): Processing tags...
[18/Aug/2022:10:50:28] (S): No tags to process.
[18/Aug/2022:10:50:28] (P): Processing terms...
[18/Aug/2022:10:50:28] (W): Failed to import tcb_symbols_tax Footers
[18/Aug/2022:10:50:28] (E): Invalid taxonomy.
[18/Aug/2022:10:50:28] (W): Failed to import tcb_symbols_tax Headers
[18/Aug/2022:10:50:28] (E): Invalid taxonomy.
[18/Aug/2022:10:50:28] (S): Processed terms.
[18/Aug/2022:10:50:28] (P): Processing posts...
[18/Aug/2022:10:50:28] (P): Processing attachment: https://s33834.pcdn.co/web-agency-gb/wp-content/uploads/sites/422/2020/01/neve-webdesign-GB-01.png...
[18/Aug/2022:10:50:28] (P): Fetching attachment from url: https://s33834.pcdn.co/web-agency-gb/wp-content/uploads/sites/422/2020/01/neve-webdesign-GB-01.png...
[18/Aug/2022:10:50:29] (S): Fetched remote attachment.
[18/Aug/2022:10:50:29] (P): Inserting attachment...
[18/Aug/2022:10:50:29] (S): Attachment inserted
[18/Aug/2022:10:50:29] (S): Processed attachment.
[18/Aug/2022:10:50:29] (P): Processing attachment: https://s33834.pcdn.co/web-agency-gb/wp-content/uploads/sites/422/2020/01/neve-webdesign-GB-03.png...
[18/Aug/2022:10:50:29] (P): Fetching attachment from url: https://s33834.pcdn.co/web-agency-gb/wp-content/uploads/sites/422/2020/01/neve-webdesign-GB-03.png...
[18/Aug/2022:10:50:29] (S): Fetched remote attachment.
[18/Aug/2022:10:50:29] (P): Inserting attachment...
[18/Aug/2022:10:50:29] (S): Attachment inserted
[18/Aug/2022:10:50:29] (S): Processed attachment.
[18/Aug/2022:10:50:29] (P): Processing attachment: https://s33834.pcdn.co/web-agency-gb/wp-content/uploads/sites/422/2020/01/neve-webdesign-GB-04.png...
[18/Aug/2022:10:50:29] (P): Fetching attachment from url: https://s33834.pcdn.co/web-agency-gb/wp-content/uploads/sites/422/2020/01/neve-webdesign-GB-04.png...
[18/Aug/2022:10:50:29] (S): Fetched remote attachment.
[18/Aug/2022:10:50:29] (P): Inserting attachment...
[18/Aug/2022:10:50:29] (S): Attachment inserted
[18/Aug/2022:10:50:29] (S): Processed attachment.
[18/Aug/2022:10:50:29] (P): Processing attachment: https://s33834.pcdn.co/web-agency-gb/wp-content/uploads/sites/422/2020/01/neve-web-design-bg-08.jpg...
[18/Aug/2022:10:50:29] (P): Fetching attachment from url: https://s33834.pcdn.co/web-agency-gb/wp-content/uploads/sites/422/2020/01/neve-web-design-bg-08.jpg...
[18/Aug/2022:10:50:30] (S): Fetched remote attachment.
[18/Aug/2022:10:50:30] (P): Inserting attachment...
[18/Aug/2022:10:50:30] (S): Attachment inserted
[18/Aug/2022:10:50:30] (S): Processed attachment.
[18/Aug/2022:10:50:30] (P): Processing attachment: https://s33834.pcdn.co/web-agency-gb/wp-content/uploads/sites/422/2020/01/neve-web-design-bg-09.jpg...
[18/Aug/2022:10:50:30] (P): Fetching attachment from url: https://s33834.pcdn.co/web-agency-gb/wp-content/uploads/sites/422/2020/01/neve-web-design-bg-09.jpg...
[18/Aug/2022:10:50:30] (S): Fetched remote attachment.
[18/Aug/2022:10:50:30] (P): Inserting attachment...
[18/Aug/2022:10:50:30] (S): Attachment inserted
[18/Aug/2022:10:50:30] (S): Processed attachment.
[18/Aug/2022:10:50:30] (P): Processing attachment: https://s33834.pcdn.co/web-agency-gb/wp-content/uploads/sites/422/2020/01/neve-web-design-bg-10.jpg...
[18/Aug/2022:10:50:30] (P): Fetching attachment from url: https://s33834.pcdn.co/web-agency-gb/wp-content/uploads/sites/422/2020/01/neve-web-design-bg-10.jpg...
[18/Aug/2022:10:50:30] (S): Fetched remote attachment.
[18/Aug/2022:10:50:30] (P): Inserting attachment...
[18/Aug/2022:10:50:30] (S): Attachment inserted
[18/Aug/2022:10:50:30] (S): Processed attachment.
[18/Aug/2022:10:50:30] (P): Processing attachment: https://s33834.pcdn.co/web-agency-gb/wp-content/uploads/sites/422/2020/01/neve-web-design-bg-11.jpg...
[18/Aug/2022:10:50:30] (P): Fetching attachment from url: https://s33834.pcdn.co/web-agency-gb/wp-content/uploads/sites/422/2020/01/neve-web-design-bg-11.jpg...
[18/Aug/2022:10:50:30] (S): Fetched remote attachment.
[18/Aug/2022:10:50:30] (P): Inserting attachment...
[18/Aug/2022:10:50:30] (S): Attachment inserted
[18/Aug/2022:10:50:30] (S): Processed attachment.
[18/Aug/2022:10:50:30] (P): Processing attachment: https://s33834.pcdn.co/web-agency-gb/wp-content/uploads/sites/422/2020/01/neve-web-design-bg-12.jpg...
[18/Aug/2022:10:50:30] (P): Fetching attachment from url: https://s33834.pcdn.co/web-agency-gb/wp-content/uploads/sites/422/2020/01/neve-web-design-bg-12.jpg...
[18/Aug/2022:10:50:31] (S): Fetched remote attachment.
[18/Aug/2022:10:50:31] (P): Inserting attachment...
[18/Aug/2022:10:50:31] (S): Attachment inserted
[18/Aug/2022:10:50:31] (S): Processed attachment.
[18/Aug/2022:10:50:31] (P): Processing attachment: https://s33834.pcdn.co/web-agency-gb/wp-content/uploads/sites/422/2020/01/neve-web-design-bg-13.jpg...
[18/Aug/2022:10:50:31] (P): Fetching attachment from url: https://s33834.pcdn.co/web-agency-gb/wp-content/uploads/sites/422/2020/01/neve-web-design-bg-13.jpg...
[18/Aug/2022:10:50:31] (S): Fetched remote attachment.
[18/Aug/2022:10:50:31] (P): Inserting attachment...
[18/Aug/2022:10:50:31] (S): Attachment inserted
[18/Aug/2022:10:50:31] (S): Processed attachment.
[18/Aug/2022:10:50:31] (P): Processing attachment: https://s33834.pcdn.co/web-agency-gb/wp-content/uploads/sites/422/2020/01/neve-web-design-bg-14.jpg...
[18/Aug/2022:10:50:31] (P): Fetching attachment from url: https://s33834.pcdn.co/web-agency-gb/wp-content/uploads/sites/422/2020/01/neve-web-design-bg-14.jpg...
[18/Aug/2022:10:50:31] (S): Fetched remote attachment.
[18/Aug/2022:10:50:31] (P): Inserting attachment...
[18/Aug/2022:10:50:31] (S): Attachment inserted
[18/Aug/2022:10:50:31] (S): Processed attachment.
[18/Aug/2022:10:50:31] (P): Processing attachment: https://s33834.pcdn.co/web-agency-gb/wp-content/uploads/sites/422/2020/01/neve-web-design-bg-15.jpg...
[18/Aug/2022:10:50:31] (P): Fetching attachment from url: https://s33834.pcdn.co/web-agency-gb/wp-content/uploads/sites/422/2020/01/neve-web-design-bg-15.jpg...
[18/Aug/2022:10:50:32] (S): Fetched remote attachment.
[18/Aug/2022:10:50:32] (P): Inserting attachment...
[18/Aug/2022:10:50:32] (S): Attachment inserted
[18/Aug/2022:10:50:32] (S): Processed attachment.
[18/Aug/2022:10:50:32] (P): Processing attachment: https://s33834.pcdn.co/web-agency-gb/wp-content/uploads/sites/422/2020/06/cropped-web-agency-icon.png...
[18/Aug/2022:10:50:32] (P): Fetching attachment from url: https://s33834.pcdn.co/web-agency-gb/wp-content/uploads/sites/422/2020/06/cropped-web-agency-icon.png...
[18/Aug/2022:10:50:32] (S): Fetched remote attachment.
[18/Aug/2022:10:50:32] (P): Inserting attachment...
[18/Aug/2022:10:50:32] (S): Attachment inserted
[18/Aug/2022:10:50:32] (S): Processed attachment.
[18/Aug/2022:10:50:32] (P): Processing attachment: https://s33834.pcdn.co/web-agency-gb/wp-content/uploads/sites/422/2020/07/web-design-studio-01.jpg.jpg...
[18/Aug/2022:10:50:32] (P): Fetching attachment from url: https://s33834.pcdn.co/web-agency-gb/wp-content/uploads/sites/422/2020/07/web-design-studio-01.jpg.jpg...
[18/Aug/2022:10:50:32] (S): Fetched remote attachment.
[18/Aug/2022:10:50:32] (P): Inserting attachment...
[18/Aug/2022:10:50:32] (S): Attachment inserted
[18/Aug/2022:10:50:32] (S): Processed attachment.
[18/Aug/2022:10:50:32] (P): Processing attachment: https://s33834.pcdn.co/web-agency-gb/wp-content/uploads/sites/422/2020/12/web-agency-logo-3.png...
[18/Aug/2022:10:50:32] (P): Fetching attachment from url: https://s33834.pcdn.co/web-agency-gb/wp-content/uploads/sites/422/2020/12/web-agency-logo-3.png...
[18/Aug/2022:10:50:32] (S): Fetched remote attachment.
[18/Aug/2022:10:50:32] (P): Inserting attachment...
[18/Aug/2022:10:50:32] (S): Attachment inserted
[18/Aug/2022:10:50:32] (S): Processed attachment.
[18/Aug/2022:10:50:32] (P): Processing attachment: https://s33834.pcdn.co/web-agency-gb/wp-content/uploads/sites/422/2020/12/neve-web-design-studio-02.1.jpg...
[18/Aug/2022:10:50:32] (P): Fetching attachment from url: https://s33834.pcdn.co/web-agency-gb/wp-content/uploads/sites/422/2020/12/neve-web-design-studio-02.1.jpg...
[18/Aug/2022:10:50:33] (S): Fetched remote attachment.
[18/Aug/2022:10:50:33] (P): Inserting attachment...
[18/Aug/2022:10:50:33] (S): Attachment inserted
[18/Aug/2022:10:50:33] (S): Processed attachment.
[18/Aug/2022:10:50:33] (P): Processing attachment: https://s33834.pcdn.co/web-agency-gb/wp-content/uploads/sites/422/2020/12/neve-web-design-studio-03.1.jpg...
[18/Aug/2022:10:50:33] (P): Fetching attachment from url: https://s33834.pcdn.co/web-agency-gb/wp-content/uploads/sites/422/2020/12/neve-web-design-studio-03.1.jpg...
[18/Aug/2022:10:50:33] (S): Fetched remote attachment.
[18/Aug/2022:10:50:33] (P): Inserting attachment...
[18/Aug/2022:10:50:33] (S): Attachment inserted
[18/Aug/2022:10:50:33] (S): Processed attachment.
[18/Aug/2022:10:50:33] (P): Processing attachment: https://s33834.pcdn.co/web-agency-gb/wp-content/uploads/sites/422/2020/12/neve-web-design-studio-04.1.jpg...
[18/Aug/2022:10:50:33] (P): Fetching attachment from url: https://s33834.pcdn.co/web-agency-gb/wp-content/uploads/sites/422/2020/12/neve-web-design-studio-04.1.jpg...
[18/Aug/2022:10:50:33] (S): Fetched remote attachment.
[18/Aug/2022:10:50:33] (P): Inserting attachment...
[18/Aug/2022:10:50:33] (S): Attachment inserted
[18/Aug/2022:10:50:33] (S): Processed attachment.
[18/Aug/2022:10:50:33] (P): Processing attachment: https://s33834.pcdn.co/web-agency-gb/wp-content/uploads/sites/422/2020/12/neve-web-design-studio-07.1.png...
[18/Aug/2022:10:50:33] (P): Fetching attachment from url: https://s33834.pcdn.co/web-agency-gb/wp-content/uploads/sites/422/2020/12/neve-web-design-studio-07.1.png...
[18/Aug/2022:10:50:34] (S): Fetched remote attachment.
[18/Aug/2022:10:50:34] (P): Inserting attachment...
[18/Aug/2022:10:50:34] (S): Attachment inserted
[18/Aug/2022:10:50:34] (S): Processed attachment.
[18/Aug/2022:10:50:34] (P): Processing attachment: https://s33834.pcdn.co/web-agency-gb/wp-content/uploads/sites/422/2021/06/phone-sm.png...
[18/Aug/2022:10:50:34] (P): Fetching attachment from url: https://s33834.pcdn.co/web-agency-gb/wp-content/uploads/sites/422/2021/06/phone-sm.png...
[18/Aug/2022:10:50:34] (S): Fetched remote attachment.
[18/Aug/2022:10:50:34] (P): Inserting attachment...
[18/Aug/2022:10:50:34] (S): Attachment inserted
[18/Aug/2022:10:50:34] (S): Processed attachment.
[18/Aug/2022:10:50:34] (P): Processing attachment: https://s33834.pcdn.co/web-agency-gb/wp-content/uploads/sites/422/2021/06/location-sm.png...
[18/Aug/2022:10:50:34] (P): Fetching attachment from url: https://s33834.pcdn.co/web-agency-gb/wp-content/uploads/sites/422/2021/06/location-sm.png...
[18/Aug/2022:10:50:35] (S): Fetched remote attachment.
[18/Aug/2022:10:50:35] (P): Inserting attachment...
[18/Aug/2022:10:50:35] (S): Attachment inserted
[18/Aug/2022:10:50:35] (S): Processed attachment.
[18/Aug/2022:10:50:35] (P): Inserting post: 5 UX Principles for Creating a Great Website .
[18/Aug/2022:10:50:35] (S): Done inserting post: 5 UX Principles for Creating a Great Website .
[18/Aug/2022:10:50:35] (P): Inserting page: News .
[18/Aug/2022:10:50:35] (S): Done inserting page: News .
[18/Aug/2022:10:50:35] (P): Inserting page: Home .
[18/Aug/2022:10:50:35] (S): Done inserting page: Home .
[18/Aug/2022:10:50:35] (P): Processing single menu item ' '...
[18/Aug/2022:10:50:35] (S): Processed single menu item.
[18/Aug/2022:10:50:35] (P): Processing single menu item ' '...
[18/Aug/2022:10:50:35] (S): Processed single menu item.
[18/Aug/2022:10:50:35] (P): Inserting post: Web Design Trends for 2022 .
[18/Aug/2022:10:50:35] (S): Done inserting post: Web Design Trends for 2022 .
[18/Aug/2022:10:50:35] (P): Inserting post: A Simple Guide to Design Thinking .
[18/Aug/2022:10:50:35] (S): Done inserting post: A Simple Guide to Design Thinking .
[18/Aug/2022:10:50:35] (P): Inserting page: About Us .
[18/Aug/2022:10:50:35] (S): Done inserting page: About Us .
[18/Aug/2022:10:50:35] (P): Processing single menu item ' '...
[18/Aug/2022:10:50:35] (S): Processed single menu item.
[18/Aug/2022:10:50:35] (P): Inserting page: Portfolio .
[18/Aug/2022:10:50:35] (S): Done inserting page: Portfolio .
[18/Aug/2022:10:50:35] (P): Inserting page: Portfolio Single .
[18/Aug/2022:10:50:35] (S): Done inserting page: Portfolio Single .
[18/Aug/2022:10:50:35] (P): Processing single menu item ' '...
[18/Aug/2022:10:50:35] (S): Processed single menu item.
[18/Aug/2022:10:50:35] (P): Processing single menu item ' '...
[18/Aug/2022:10:50:35] (S): Processed single menu item.
[18/Aug/2022:10:50:35] (P): Inserting page: Contact Us .
[18/Aug/2022:10:50:35] (S): Done inserting page: Contact Us .
[18/Aug/2022:10:50:35] (P): Processing single menu item ' '...
[18/Aug/2022:10:50:35] (S): Processed single menu item.
[18/Aug/2022:10:50:35] (P): Inserting custom_css: neve .
[18/Aug/2022:10:50:35] (S): Done inserting custom_css: neve .
[18/Aug/2022:10:50:35] (P): Processing attachment: https://s33834.pcdn.co/web-agency-gb/wp-content/uploads/sites/422/2021/06/email-sm.png...
[18/Aug/2022:10:50:35] (P): Fetching attachment from url: https://s33834.pcdn.co/web-agency-gb/wp-content/uploads/sites/422/2021/06/email-sm.png...
[18/Aug/2022:10:50:35] (S): Fetched remote attachment.
[18/Aug/2022:10:50:35] (P): Inserting attachment...
[18/Aug/2022:10:50:35] (S): Attachment inserted
[18/Aug/2022:10:50:35] (S): Processed attachment.
[18/Aug/2022:10:50:35] (P): Inserting post: Best Calligraphy Fonts for Logos .
[18/Aug/2022:10:50:35] (S): Done inserting post: Best Calligraphy Fonts for Logos .
[18/Aug/2022:10:50:35] (P): Inserting post: Knowing Your User. The importance of User Research. .
[18/Aug/2022:10:50:35] (S): Done inserting post: Knowing Your User. The importance of User Research. .
[18/Aug/2022:10:50:35] (P): Inserting post: What is the Progressive Web App (PWA) and how it works? .
[18/Aug/2022:10:50:35] (S): Done inserting post: What is the Progressive Web App (PWA) and how it works? .
[18/Aug/2022:10:50:35] (P): Inserting wp_block: 3 column section .
[18/Aug/2022:10:50:35] (S): Done inserting wp_block: 3 column section .
[18/Aug/2022:10:50:35] (P): Inserting wp_block: Team Social Icons .
[18/Aug/2022:10:50:35] (S): Done inserting wp_block: Team Social Icons .
[18/Aug/2022:10:50:35] (S): Processed posts.
[18/Aug/2022:10:50:36] (P): Cleaning up import with id ...
[18/Aug/2022:10:50:36] (P): Done cleanup. Flushing cache...
[18/Aug/2022:10:50:36] (P): Flushed cache. Removing temporary data..
[18/Aug/2022:10:50:36] (S): Done importing
[18/Aug/2022:10:50:36] (P): Busting elementor cache
[18/Aug/2022:10:50:36] (P): Busting woo cache
[18/Aug/2022:10:50:36] (S): Front page set up with id: 5.
